Arguments: 
  /home/men/.nvm/versions/node/v16.5.0/bin/node /home/men/.nvm/versions/node/v16.5.0/bin/yarn init

PATH: 
  /home/men/.vscode-server/bin/e7d7e9a9348e6a8cc8c03f877d39cb72e5dfb1ff/bin:/home/men/.poetry/bin:/home/men/.local/bin:/home/men/.nvm/versions/node/v16.5.0/bin:/usr/local/sbin:/usr/local/bin:/usr/sbin:/usr/bin:/sbin:/bin:/usr/games:/usr/local/games:/usr/lib/wsl/lib:/mnt/c/ProgramData/Oracle/Java/javapath:/mnt/c/Windows/system32:/mnt/c/Windows:/mnt/c/Windows/System32/Wbem:/mnt/c/Windows/System32/WindowsPowerShell/v1.0/:/mnt/c/Windows/System32/OpenSSH/:/mnt/c/Program Files (x86)/NVIDIA Corporation/PhysX/Common:/mnt/c/Program Files/NVIDIA Corporation/NVIDIA NvDLISR:/mnt/c/WINDOWS/system32:/mnt/c/WINDOWS:/mnt/c/WINDOWS/System32/Wbem:/mnt/c/WINDOWS/System32/WindowsPowerShell/v1.0/:/mnt/c/WINDOWS/System32/OpenSSH/:/mnt/c/Program Files/Docker/Docker/resources/bin:/mnt/c/ProgramData/DockerDesktop/version-bin:/mnt/c/Users/Men/AppData/Roaming/nvm:/mnt/c/Program Files/nodejs:/mnt/c/Users/Men/AppData/Local/Programs/Python/Python39/Scripts/:/mnt/c/Users/Men/AppData/Local/Programs/Python/Python39/:/mnt/c/Users/Men/AppData/Local/Microsoft/WindowsApps:/mnt/c/Users/Men/AppData/Local/Programs/Microsoft VS Code/bin:/mnt/c/Users/Men/AppData/Roaming/nvm:/mnt/c/Program Files/nodejs:/snap/bin

Yarn version: 
  1.22.10

Node version: 
  16.5.0

Platform: 
  linux x64

Trace: 
  Error: canceled
      at Interface.<anonymous> (/home/men/.nvm/versions/node/v16.5.0/lib/node_modules/yarn/lib/cli.js:136216:13)
      at Interface.emit (node:events:394:28)
      at Interface._ttyWrite (node:readline:1081:16)
      at ReadStream.onkeypress (node:readline:288:10)
      at ReadStream.emit (node:events:394:28)
      at emitKeys (node:internal/readline/utils:358:14)
      at emitKeys.next (<anonymous>)
      at ReadStream.onData (node:internal/readline/emitKeypressEvents:61:36)
      at ReadStream.emit (node:events:394:28)
      at addChunk (node:internal/streams/readable:312:12)

npm manifest: 
  No manifest

yarn manifest: 
  No manifest

Lockfile: 
  No lockfile
